\BOOKMARK [0][-]{chapter.1}{基本操作}{}% 1
\BOOKMARK [1][-]{section.1.1}{最初の一葉\(FirstLeaf\):文法とヘルプとプロット}{chapter.1}% 2
\BOOKMARK [2][-]{subsection.1.1.1}{入力領域と注意点\(ShiftEnter\)}{section.1.1}% 3
\BOOKMARK [2][-]{subsection.1.1.2}{命令コマンドの基本形\(command\(\);\)}{section.1.1}% 4
\BOOKMARK [2][-]{subsection.1.1.3}{ヘルプ\(?\)}{section.1.1}% 5
\BOOKMARK [1][-]{section.1.2}{初等関数とそのほかの関数\(Functions\)}{chapter.1}% 6
\BOOKMARK [2][-]{subsection.1.2.1}{初等関数\(ElementaryFunctions\)}{section.1.2}% 7
\BOOKMARK [2][-]{subsection.1.2.2}{ユーザー定義関数\(unapply\)}{section.1.2}% 8
\BOOKMARK [2][-]{subsection.1.2.3}{packageの呼び出し\(with\)}{section.1.2}% 9
\BOOKMARK [1][-]{section.1.3}{等号\(Equals\)}{chapter.1}% 10
\BOOKMARK [2][-]{subsection.1.3.1}{変数への代入:= \(colonequal\)}{section.1.3}% 11
\BOOKMARK [2][-]{subsection.1.3.2}{変数の初期化\(restart\)}{section.1.3}% 12
\BOOKMARK [2][-]{subsection.1.3.3}{方程式の解\(solve\)}{section.1.3}% 13
\BOOKMARK [2][-]{subsection.1.3.4}{恒等式\(Identity\)}{section.1.3}% 14
\BOOKMARK [0][-]{chapter.2}{Programming}{}% 15
\BOOKMARK [1][-]{section.2.1}{代入と出力\(Variables, printf\)}{chapter.2}% 16
\BOOKMARK [2][-]{subsection.2.1.1}{値の変数への代入\(:=\)}{section.2.1}% 17
\BOOKMARK [2][-]{subsection.2.1.2}{整数と浮動小数点数}{section.2.1}% 18
\BOOKMARK [2][-]{subsection.2.1.3}{出力\(print, printf\)}{section.2.1}% 19
\BOOKMARK [1][-]{section.2.2}{ループ\(Loop\)}{chapter.2}% 20
\BOOKMARK [2][-]{subsection.2.2.1}{for-loop}{section.2.2}% 21
\BOOKMARK [2][-]{subsection.2.2.2}{二重ループ}{section.2.2}% 22
\BOOKMARK [1][-]{section.2.3}{配列\(List\)}{chapter.2}% 23
\BOOKMARK [2][-]{subsection.2.3.1}{基本}{section.2.3}% 24
\BOOKMARK [2][-]{subsection.2.3.2}{for-loopの省略形}{section.2.3}% 25
\BOOKMARK [2][-]{subsection.2.3.3}{リストへの付け足し\(append, prepend\)}{section.2.3}% 26
\BOOKMARK [2][-]{subsection.2.3.4}{2つの要素の入れ替え}{section.2.3}% 27
\BOOKMARK [2][-]{subsection.2.3.5}{2次元配列\(listlist\)}{section.2.3}% 28
\BOOKMARK [2][-]{subsection.2.3.6}{listの表示\(listplot\)}{section.2.3}% 29
\BOOKMARK [1][-]{section.2.4}{交通整理\(If\)}{chapter.2}% 30
\BOOKMARK [2][-]{subsection.2.4.1}{if}{section.2.4}% 31
\BOOKMARK [2][-]{subsection.2.4.2}{nextとbreak}{section.2.4}% 32
\BOOKMARK [1][-]{section.2.5}{手続き関数\(Procedure\)}{chapter.2}% 33
\BOOKMARK [2][-]{subsection.2.5.1}{基本}{section.2.5}% 34
\BOOKMARK [2][-]{subsection.2.5.2}{戻り値}{section.2.5}% 35
\BOOKMARK [2][-]{subsection.2.5.3}{グローバル\(大域\)，ローカル\(局所\)変数}{section.2.5}% 36
\BOOKMARK [0][-]{chapter.3}{その他\(Etcetra\)}{}% 37
\BOOKMARK [1][-]{section.3.1}{ファイルの入出力\(InputOutput\)}{chapter.3}% 38
\BOOKMARK [2][-]{subsection.3.1.1}{ファイル名の取得}{section.3.1}% 39
\BOOKMARK [2][-]{subsection.3.1.2}{簡単なデータのやりとり}{section.3.1}% 40
\BOOKMARK [2][-]{subsection.3.1.3}{少し高度なデータのやりとり}{section.3.1}% 41
\BOOKMARK [2][-]{subsection.3.1.4}{animationの出力}{section.3.1}% 42
\BOOKMARK [2][-]{subsection.3.1.5}{Mapleのフィルターとしての利用法}{section.3.1}% 43
\BOOKMARK [1][-]{section.3.2}{for-loopの基本技\(for-loop2\)}{chapter.3}% 44
\BOOKMARK [2][-]{subsection.3.2.1}{ランダムな配列の生成}{section.3.2}% 45
\BOOKMARK [2][-]{subsection.3.2.2}{要素数の取り出し}{section.3.2}% 46
\BOOKMARK [2][-]{subsection.3.2.3}{すべての要素の表示}{section.3.2}% 47
\BOOKMARK [2][-]{subsection.3.2.4}{和}{section.3.2}% 48
\BOOKMARK [2][-]{subsection.3.2.5}{値の代入}{section.3.2}% 49
\BOOKMARK [2][-]{subsection.3.2.6}{一桁の整数5個から5桁の整数を作る}{section.3.2}% 50
\BOOKMARK [2][-]{subsection.3.2.7}{255以下の10進数をランダムに生成して，8桁の2進数へ変換せよ．}{section.3.2}% 51
\BOOKMARK [2][-]{subsection.3.2.8}{小数点以下8桁のそれぞれの桁の数を配列に格納せよ}{section.3.2}% 52
\BOOKMARK [2][-]{subsection.3.2.9}{最大数}{section.3.2}% 53
\BOOKMARK [2][-]{subsection.3.2.10}{ある値の上下で分けた個数}{section.3.2}% 54
\BOOKMARK [2][-]{subsection.3.2.11}{素数かどうかの判定}{section.3.2}% 55
\BOOKMARK [2][-]{subsection.3.2.12}{2つの要素の入れ替え}{section.3.2}% 56
\BOOKMARK [2][-]{subsection.3.2.13}{コインの表向きの枚数}{section.3.2}% 57
\BOOKMARK [2][-]{subsection.3.2.14}{2次元配列}{section.3.2}% 58
