\BOOKMARK [0][-]{chapter.1}{基本操作}{}% 1
\BOOKMARK [1][-]{section.1.1}{最初の一葉\(FirstLeaf\):文法とヘルプとプロット}{chapter.1}% 2
\BOOKMARK [2][-]{subsection.1.1.1}{入力領域と注意点\(ShiftEnter\)}{section.1.1}% 3
\BOOKMARK [2][-]{subsection.1.1.2}{命令コマンドの基本形\(command\(\);\)}{section.1.1}% 4
\BOOKMARK [2][-]{subsection.1.1.3}{ヘルプ\(?\)}{section.1.1}% 5
\BOOKMARK [1][-]{section.1.2}{初等関数とそのほかの関数\(Functions\)}{chapter.1}% 6
\BOOKMARK [2][-]{subsection.1.2.1}{初等関数\(ElementaryFunctions\)}{section.1.2}% 7
\BOOKMARK [2][-]{subsection.1.2.2}{ユーザー定義関数\(unapply\)}{section.1.2}% 8
\BOOKMARK [2][-]{subsection.1.2.3}{packageの呼び出し\(with\)}{section.1.2}% 9
\BOOKMARK [1][-]{section.1.3}{等号\(Equals\)}{chapter.1}% 10
\BOOKMARK [2][-]{subsection.1.3.1}{変数への代入:= \(colonequal\)}{section.1.3}% 11
\BOOKMARK [2][-]{subsection.1.3.2}{変数の初期化\(restart\)}{section.1.3}% 12
\BOOKMARK [2][-]{subsection.1.3.3}{方程式の解\(solve\)}{section.1.3}% 13
\BOOKMARK [2][-]{subsection.1.3.4}{恒等式\(Identity\)}{section.1.3}% 14
\BOOKMARK [0][-]{chapter.2}{微積分}{}% 15
\BOOKMARK [1][-]{section.2.1}{微分\(Diff\)-I}{chapter.2}% 16
\BOOKMARK [2][-]{subsection.2.1.1}{単純な微分\(diff\)}{section.2.1}% 17
\BOOKMARK [2][-]{subsection.2.1.2}{例題:関数の微分と増減表}{section.2.1}% 18
\BOOKMARK [2][-]{subsection.2.1.3}{例題:接線\(Tangent\)}{section.2.1}% 19
\BOOKMARK [1][-]{section.2.2}{微分\(Diff\)-II}{chapter.2}% 20
\BOOKMARK [2][-]{subsection.2.2.1}{級数展開\(series\)}{section.2.2}% 21
\BOOKMARK [2][-]{subsection.2.2.2}{全微分\(D\)}{section.2.2}% 22
\BOOKMARK [2][-]{subsection.2.2.3}{複合関数の微分}{section.2.2}% 23
\BOOKMARK [1][-]{section.2.3}{積分\(int\)}{chapter.2}% 24
\BOOKMARK [2][-]{subsection.2.3.1}{単純な積分\(int\)}{section.2.3}% 25
\BOOKMARK [2][-]{subsection.2.3.2}{studentパッケージいろいろ}{section.2.3}% 26
\BOOKMARK [0][-]{chapter.3}{線形代数}{}% 27
\BOOKMARK [1][-]{section.3.1}{行列・ベクトル生成\(MatrixVector\)}{chapter.3}% 28
\BOOKMARK [2][-]{subsection.3.1.1}{ベクトルの生成\(Vector\)}{section.3.1}% 29
\BOOKMARK [2][-]{subsection.3.1.2}{行列の生成\(Matrix\)}{section.3.1}% 30
\BOOKMARK [2][-]{subsection.3.1.3}{縦横ベクトル・行列の簡易作成法\(MVShortcut\)}{section.3.1}% 31
\BOOKMARK [2][-]{subsection.3.1.4}{行列，ベクトルの成分の抽出\(MVextraction\)}{section.3.1}% 32
\BOOKMARK [1][-]{section.3.2}{内積外積\(DotProduct,CrossProduct\)}{chapter.3}% 33
\BOOKMARK [2][-]{subsection.3.2.1}{スカラーとのかけ算}{section.3.2}% 34
\BOOKMARK [2][-]{subsection.3.2.2}{行列,ベクトルの足し算，引き算}{section.3.2}% 35
\BOOKMARK [2][-]{subsection.3.2.3}{内積\(DotProduct, `.`\)}{section.3.2}% 36
\BOOKMARK [2][-]{subsection.3.2.4}{外積\(CrossProduct, `\046x`\)}{section.3.2}% 37
\BOOKMARK [2][-]{subsection.3.2.5}{スカラー3重積}{section.3.2}% 38
\BOOKMARK [2][-]{subsection.3.2.6}{転置\(Transpose, `\046T`\)}{section.3.2}% 39
\BOOKMARK [1][-]{section.3.3}{行列の基本操作，掃き出し\(LUDecomposition\)}{chapter.3}% 40
\BOOKMARK [2][-]{subsection.3.3.1}{行列の基本操作}{section.3.3}% 41
\BOOKMARK [2][-]{subsection.3.3.2}{掃き出し法，LU分解\(LUDecomposition\)}{section.3.3}% 42
\BOOKMARK [2][-]{subsection.3.3.3}{階数\(Rank\)}{section.3.3}% 43
\BOOKMARK [1][-]{section.3.4}{逆行列\(MatrixInverse\)}{chapter.3}% 44
\BOOKMARK [2][-]{subsection.3.4.1}{行列式\(Determinant\)}{section.3.4}% 45
\BOOKMARK [2][-]{subsection.3.4.2}{逆行列\(MatrixInverse\)}{section.3.4}% 46
\BOOKMARK [2][-]{subsection.3.4.3}{その他の演算}{section.3.4}% 47
\BOOKMARK [1][-]{section.3.5}{固有値\(EigenVectors\)}{chapter.3}% 48
\BOOKMARK [2][-]{subsection.3.5.1}{固有値\(EigenVectors\)}{section.3.5}% 49
\BOOKMARK [2][-]{subsection.3.5.2}{固有ベクトルの取り出し\(Column\)}{section.3.5}% 50
\BOOKMARK [2][-]{subsection.3.5.3}{固有ベクトルの規格化\(Normalize\)}{section.3.5}% 51
\BOOKMARK [2][-]{subsection.3.5.4}{対角化}{section.3.5}% 52
\BOOKMARK [2][-]{subsection.3.5.5}{その他の演算}{section.3.5}% 53
\BOOKMARK [0][-]{chapter.4}{式変形}{}% 54
\BOOKMARK [1][-]{section.4.1}{数式処理コマンドの分類\(EquationManipulationTable\)}{chapter.4}% 55
\BOOKMARK [1][-]{section.4.2}{式の変形に関連したコマンド\(Simplify\)}{chapter.4}% 56
\BOOKMARK [2][-]{subsection.4.2.1}{簡単化\(simplify\)}{section.4.2}% 57
\BOOKMARK [2][-]{subsection.4.2.2}{展開\(expand\)}{section.4.2}% 58
\BOOKMARK [2][-]{subsection.4.2.3}{因数分解\(factor\)}{section.4.2}% 59
\BOOKMARK [2][-]{subsection.4.2.4}{約分・通分\(normal\)}{section.4.2}% 60
\BOOKMARK [2][-]{subsection.4.2.5}{項を変数でまとめる\(collect\)}{section.4.2}% 61
\BOOKMARK [2][-]{subsection.4.2.6}{項を公式でまとめる\(combine\)}{section.4.2}% 62
\BOOKMARK [2][-]{subsection.4.2.7}{昇べき，降べき\(sort\)}{section.4.2}% 63
\BOOKMARK [2][-]{subsection.4.2.8}{分母の有理化\(rationalize\)}{section.4.2}% 64
\BOOKMARK [1][-]{section.4.3}{式の分割抽出\(convert\)}{chapter.4}% 65
\BOOKMARK [2][-]{subsection.4.3.1}{形式の変換\(convert\(exp1,opt\)\)}{section.4.3}% 66
\BOOKMARK [2][-]{subsection.4.3.2}{左辺，右辺\(lhs, rhs\)}{section.4.3}% 67
\BOOKMARK [2][-]{subsection.4.3.3}{分母，分子\(denom,numer\)}{section.4.3}% 68
\BOOKMARK [2][-]{subsection.4.3.4}{係数\(coeff\)}{section.4.3}% 69
\BOOKMARK [2][-]{subsection.4.3.5}{要素の取りだし，要素数\(op, nops\)}{section.4.3}% 70
\BOOKMARK [1][-]{section.4.4}{代入，置換，仮定に関連したコマンド\(assume, subs\)}{chapter.4}% 71
\BOOKMARK [2][-]{subsection.4.4.1}{一時的代入\(subs\)}{section.4.4}% 72
\BOOKMARK [2][-]{subsection.4.4.2}{仮定\(assume\)}{section.4.4}% 73
\BOOKMARK [2][-]{subsection.4.4.3}{一時的仮定\(assuming\)}{section.4.4}% 74
\BOOKMARK [2][-]{subsection.4.4.4}{solveで求めた値の確定\(assign\)}{section.4.4}% 75
\BOOKMARK [2][-]{subsection.4.4.5}{assumeで仮定した内容の確認\(about\)}{section.4.4}% 76
\BOOKMARK [2][-]{subsection.4.4.6}{ユーザが定義した変数の確認\(anames\('user'\)\)}{section.4.4}% 77
\BOOKMARK [2][-]{subsection.4.4.7}{値の初期化\(restart,a:='a'\)}{section.4.4}% 78
\BOOKMARK [2][-]{subsection.4.4.8}{連結作用素\(||\)}{section.4.4}% 79
\BOOKMARK [2][-]{subsection.4.4.9}{for-loopの簡略表記\(seq\)}{section.4.4}% 80
\BOOKMARK [2][-]{subsection.4.4.10}{リスト要素への関数の一括適用\(map\)}{section.4.4}% 81
\BOOKMARK [2][-]{subsection.4.4.11}{単純な和，積\(add,mul\)}{section.4.4}% 82
\BOOKMARK [2][-]{subsection.4.4.12}{数式にも対応した和，積\(sum,product\)}{section.4.4}% 83
\BOOKMARK [2][-]{subsection.4.4.13}{極限\(limit\)}{section.4.4}% 84
\BOOKMARK [1][-]{section.4.5}{式の変形の基本\(BottomLine\)}{chapter.4}% 85
\BOOKMARK [2][-]{subsection.4.5.1}{鉄則}{section.4.5}% 86
\BOOKMARK [2][-]{subsection.4.5.2}{具体例：無限積分}{section.4.5}% 87
\BOOKMARK [2][-]{subsection.4.5.3}{式のフォローのデフォルト}{section.4.5}% 88
\BOOKMARK [1][-]{section.4.6}{センター試験I\(CenterExamI\)}{chapter.4}% 89
\BOOKMARK [2][-]{subsection.4.6.1}{一時的代入\(subs\)}{section.4.6}% 90
\BOOKMARK [2][-]{subsection.4.6.2}{例題:2次関数の頂点}{section.4.6}% 91
\BOOKMARK [0][-]{chapter.5}{描画}{}% 92
\BOOKMARK [1][-]{section.5.1}{CG\(ComputerGraphics\)}{chapter.5}% 93
\BOOKMARK [2][-]{subsection.5.1.1}{listplot, pointplot}{section.5.1}% 94
\BOOKMARK [2][-]{subsection.5.1.2}{写像の表示}{section.5.1}% 95
\BOOKMARK [2][-]{subsection.5.1.3}{回転写像}{section.5.1}% 96
\BOOKMARK [2][-]{subsection.5.1.4}{平行投影図の作成}{section.5.1}% 97
\BOOKMARK [2][-]{subsection.5.1.5}{透視図}{section.5.1}% 98
\BOOKMARK [2][-]{subsection.5.1.6}{Mapleの描画関数の覚書}{section.5.1}% 99
\BOOKMARK [1][-]{section.5.2}{動画\(Animation\)}{chapter.5}% 100
\BOOKMARK [2][-]{subsection.5.2.1}{animate関数}{section.5.2}% 101
\BOOKMARK [2][-]{subsection.5.2.2}{リストに貯めて，display表示}{section.5.2}% 102
\BOOKMARK [2][-]{subsection.5.2.3}{凝った例}{section.5.2}% 103
\BOOKMARK [2][-]{subsection.5.2.4}{ファイルへの保存}{section.5.2}% 104
