This is pTeX, Version 3.141592-p3.1.10 (sjis) (Web2C 7.5.4) (format=platex-sjis 2006.11.11)  7 AUG 2012 14:22
**LA_Eigen.tex
(./LA_Eigen.tex
pLaTeX2e <2006/01/04>+0 (based on LaTeX2e <2005/12/01> patch level 0)
(/usr/local/teTeX/share/texmf/ptex/platex/base/jarticle.cls
Document Class: jarticle 2002/04/09 v1.4 Standard pLaTeX class
\c@@paper=\count81
(/usr/local/teTeX/share/texmf/ptex/platex/base/jsize12.clo
File: jsize12.clo 2002/04/09 v1.4 Standard pLaTeX file (size option)
)
\c@part=\count82
\c@section=\count83
\c@subsection=\count84
\c@subsubsection=\count85
\c@paragraph=\count86
\c@subparagraph=\count87
\c@figure=\count88
\c@table=\count89
\abovecaptionskip=\skip41
\belowcaptionskip=\skip42
\symmincho=\mathgroup4
LaTeX Font Info:    Overwriting symbol font `mincho' in version `bold'
(Font)                  JY1/mc/m/n --> JY1/gt/m/n on input line 597.
LaTeX Info: Redefining \mathrm on input line 599.
LaTeX Info: Redefining \mathbf on input line 600.
\toclineskip=\dimen118
\@lnumwidth=\dimen119
\bibindent=\dimen120
\heisei=\count90
) (./maplestd2e.sty
Package: maple2e 2005/03/17 v1.16
Package: maplestd2e 2005/03/17 maple2eMaple Latex Style Package -- 2005/03/17 m
aple2e
Defining Maple Utility Macros
\@MapleTabSize=\dimen121
\MapleListCorrection=\toks15
(./mapleenv.def
\AboveMapleSkip=\skip43
\BelowMapleSkip=\skip44
\LeftMapleSkip=\dimen122
\AboveMaplePlot=\skip45
\BelowMaplePlot=\skip46
\MaplePlotHeight=\dimen123
\MaplePlotWidth=\dimen124
\MaplePlotHeight@Fudge=\dimen125
\MaplePlotWidth@Fudge=\dimen126
\MapleSepLineWidth=\dimen127
\MapleTab=\count91
\MaplePromptString=\toks16
\MaplePromptSecondary=\toks17
\MapleSepLineHeight=\dimen128
)
\newleftskip=\skip47
\mapleinputbox=\box41
\maplebox=\box42
\Tab=\dimen129
\@inlinebox=\box43
\cellwidth=\dimen130

Defining Maple Plot Environemnts
 ...Defaults to "dvips" Driver 
(/usr/local/teTeX/share/texmf-local/tex/latex/graphics/epsfig.sty
Package: epsfig 1999/02/16 v1.7a (e)psfig emulation (SPQR)

(/usr/local/teTeX/share/texmf-local/tex/latex/graphics/graphicx.sty
Package: graphicx 1999/02/16 v1.0f Enhanced LaTeX Graphics (DPC,SPQR)

(/usr/local/teTeX/share/texmf-local/tex/latex/graphics/keyval.sty
Package: keyval 1999/03/16 v1.13 key=value parser (DPC)
\KV@toks@=\toks18
)
(/usr/local/teTeX/share/texmf-local/tex/latex/graphics/graphics.sty
Package: graphics 2006/02/20 v1.0o Standard LaTeX Graphics (DPC,SPQR)

(/usr/local/teTeX/share/texmf-local/tex/latex/graphics/trig.sty
Package: trig 1999/03/16 v1.09 sin cos tan (DPC)
)
(/usr/local/teTeX/share/texmf-dist/tex/latex/graphics/graphics.cfg
File: graphics.cfg 2005/02/03 v1.3 graphics configuration of teTeX/TeXLive
)
Package graphics Info: Driver file: dvips.def on input line 90.

(/usr/local/teTeX/share/texmf-local/tex/latex/graphics/dvips.def
File: dvips.def 1999/02/16 v3.0i Driver-dependant file (DPC,SPQR)
))
\Gin@req@height=\dimen131
\Gin@req@width=\dimen132
)
\epsfxsize=\dimen133
\epsfysize=\dimen134
)
Defining Automatic Style Generation Macros
\maplettybox=\box44
Defining Maple Spreadsheet Environments
Maple Spreadsheet and Table Support
\multilinesep=\dimen135
\@linebuffer=\box45
\@currentline=\box46
\@linebufferwidth=\dimen136
\EndMultiLine=\toks19
) (./linequote.sty
\@LQboxa=\box47
\@LQboxb=\box48
\@LQht=\dimen137
\linequoteindent=\dimen138
) (/usr/local/teTeX/share/texmf-dist/tex/latex/here/here.sty) (./lgrind.sty
Package: lgrind 2002/01/28 v3.67 LGrind environment and supporting stuff
\lc@unt=\count92
\ln@xt=\count93
\LGnuminterval=\count94
\LGindent=\skip48
\LGsloppy=\skip49
\procbox=\box49
\ls@far=\box50
\tb@x=\box51
\TBw@d=\dimen139
\@ts=\dimen140
)
\c@program=\count95
 (./LA_Eigen.aux

LaTeX Warning: Label `doc1:116' multiply defined.

)
\openout1 = `LA_Eigen.aux'.

LaTeX Font Info:    Checking defaults for OML/cmm/m/it on input line 27.
LaTeX Font Info:    ... okay on input line 27.
LaTeX Font Info:    Checking defaults for T1/cmr/m/n on input line 27.
LaTeX Font Info:    ... okay on input line 27.
LaTeX Font Info:    Checking defaults for OT1/cmr/m/n on input line 27.
LaTeX Font Info:    ... okay on input line 27.
LaTeX Font Info:    Checking defaults for OMS/cmsy/m/n on input line 27.
LaTeX Font Info:    ... okay on input line 27.
LaTeX Font Info:    Checking defaults for OMX/cmex/m/n on input line 27.
LaTeX Font Info:    ... okay on input line 27.
LaTeX Font Info:    Checking defaults for U/cmr/m/n on input line 27.
LaTeX Font Info:    ... okay on input line 27.
LaTeX Font Info:    Checking defaults for JY1/mc/m/n on input line 27.
LaTeX Font Info:    ... okay on input line 27.
LaTeX Font Info:    Checking defaults for JT1/mc/m/n on input line 27.
LaTeX Font Info:    ... okay on input line 27.
LaTeX Font Info:    External font `cmex10' loaded for size
(Font)              <14.4> on input line 32.
LaTeX Font Info:    External font `cmex10' loaded for size
(Font)              <7> on input line 32.
LaTeX Font Info:    Font shape `JT1/mc/bx/n' in size <17.28> not available
(Font)              Font shape `JT1/gt/m/n' tried instead on input line 33.
LaTeX Font Info:    Font shape `JY1/mc/bx/n' in size <17.28> not available
(Font)              Font shape `JY1/gt/m/n' tried instead on input line 33.
LaTeX Font Info:    Font shape `JT1/mc/bx/n' in size <12> not available
(Font)              Font shape `JT1/gt/m/n' tried instead on input line 34.
LaTeX Font Info:    Font shape `JY1/mc/bx/n' in size <12> not available
(Font)              Font shape `JY1/gt/m/n' tried instead on input line 34.
LaTeX Font Info:    External font `cmex10' loaded for size
(Font)              <12> on input line 34.
LaTeX Font Info:    External font `cmex10' loaded for size
(Font)              <8> on input line 34.
LaTeX Font Info:    External font `cmex10' loaded for size
(Font)              <6> on input line 34.

Overfull \hbox (55.06497pt too wide) in paragraph at lines 56--56
[]  \OT1/cmtt/m/n/12 l1:=[op(l1),line( evalf(convert(x0,list)),evalf(convert(x1
,list)) )];[] 
 []


Overfull \hbox (5.66495pt too wide) in paragraph at lines 63--63
[]\OT1/cmtt/m/n/12 display([principal,op(p1),op(l1)],view=[-4..4,-4..4],axes=bo
x);[] 
 []

[1

]
 ...including Plot EigenVectors3plot1.eps at size 376.19745pt by 272.11841pt
File: EigenVectors3plot1.eps Graphic file (type eps)
<EigenVectors3plot1.eps> [2] [3]
File: ./linkstruct.eps Graphic file (type eps)
 <./linkstruct.eps>
LaTeX Font Info:    External font `cmex10' loaded for size
(Font)              <5> on input line 168.
 [4]
Overfull \hbox (49.3724pt too wide) detected at line 256
[] []  \OT1/cmr/m/n/12 =  []  =  []
 []

[5] [6]

LaTeX Font Warning: Font shape `JT1/mc/bx/it' undefined
(Font)              using `JT1/mc/bx/n' instead on input line 263.


LaTeX Font Warning: Font shape `JY1/mc/bx/it' undefined
(Font)              using `JY1/mc/bx/n' instead on input line 263.

LaTeX Font Info:    Font shape `JT1/mc/bx/it' in size <12> not available
(Font)              Font shape `JT1/gt/m/n' tried instead on input line 263.
LaTeX Font Info:    Font shape `JY1/mc/bx/it' in size <12> not available
(Font)              Font shape `JY1/gt/m/n' tried instead on input line 263.
LaTeX Font Info:    Font shape `JT1/mc/bx/n' in size <14.4> not available
(Font)              Font shape `JT1/gt/m/n' tried instead on input line 301.
LaTeX Font Info:    Font shape `JY1/mc/bx/n' in size <14.4> not available
(Font)              Font shape `JY1/gt/m/n' tried instead on input line 301.
[7]
LaTeX Font Info:    External font `cmex10' loaded for size
(Font)              <10.95> on input line 349.
 [8] [9] (./Jacobi2.lg (LGround: Jacobi2.c)
LaTeX Font Info:    Font shape `JT1/mc/bx/n' in size <10> not available
(Font)              Font shape `JT1/gt/m/n' tried instead on input line 5.
LaTeX Font Info:    Font shape `JY1/mc/bx/n' in size <10> not available
(Font)              Font shape `JY1/gt/m/n' tried instead on input line 5.
LaTeX Font Info:    Font shape `OT1/cmtt/bx/n' in size <10> not available
(Font)              Font shape `OT1/cmtt/m/n' tried instead on input line 5.
LaTeX Font Info:    Try loading font information for OMS+cmss on input line 11.

LaTeX Font Info:    No file OMScmss.fd. on input line 11.


LaTeX Font Warning: Font shape `OMS/cmss/m/n' undefined
(Font)              using `OMS/cmsy/m/n' instead
(Font)              for symbol `textbraceleft' on input line 11.

[10]) [11] [12] (./bob.lg (LGround: bob.c) [13] [14]) (./lapack.lg
(LGround: lapack\unhbox \voidb@x \kern .06em \vbox {\hrule width.35em}\kern .06
em short.c) [15])
Overfull \hbox (12.7499pt too wide) in paragraph at lines 590--590
 []\OT1/cmtt/m/n/12 gcc -O3 -DPRINT lapack.c -L/usr/local/lib64 -llapack -lblas
 -lg2c[] 
 []

[16] (./LA_Eigen.aux)

LaTeX Font Warning: Some font shapes were not available, defaults substituted.


LaTeX Warning: There were multiply-defined labels.

 ) 
Here is how much of TeX's memory you used:
 1058 strings out of 94677
 12655 string characters out of 1176936
 78961 words of memory out of 1000000
 4360 multiletter control sequences out of 10000+50000
 21025 words of font info for 79 fonts, out of 500000 for 2000
 566 hyphenation exceptions out of 1000
 42i,12n,27p,408b,494s stack positions out of 1500i,500n,5000p,200000b,5000s

Output written on LA_Eigen.dvi (16 pages, 39976 bytes).
