This is pTeX, Version 3.141592-p3.1.10 (sjis) (Web2C 7.5.4) (format=platex-sjis 2006.11.11)  3 AUG 2012 12:58
**fsolve1.tex
(./fsolve1.tex
pLaTeX2e <2006/01/04>+0 (based on LaTeX2e <2005/12/01> patch level 0)
! Undefined control sequence.
l.1 \subsection
               {Maple‚Å‚Ì‰ð}
? 
! Emergency stop.
l.1 \subsection
               {Maple‚Å‚Ì‰ð}
End of file on the terminal!

 
Here is how much of TeX's memory you used:
 4 strings out of 94677
 42 string characters out of 1176936
 49320 words of memory out of 1000000
 3394 multiletter control sequences out of 10000+50000
 7511 words of font info for 31 fonts, out of 500000 for 2000
 566 hyphenation exceptions out of 1000
 4i,0n,1p,38b,7s stack positions out of 1500i,500n,5000p,200000b,5000s
No pages of output.
