This is pTeX, Version 3.141592-p3.1.10 (sjis) (Web2C 7.5.4) (format=platex-sjis 2006.11.11)  3 AUG 2012 20:34
**EpsilonDelta.tex
(./EpsilonDelta.tex
pLaTeX2e <2006/01/04>+0 (based on LaTeX2e <2005/12/01> patch level 0)

! LaTeX Error: Missing \begin{document}.

See the LaTeX manual or LaTeX Companion for explanation.
Type  H <return>  for immediate help.
 ...                                              
                                                  
l.1 ど
      こまで値が解に近づけば計算を打ち切るかを決める条件を収束判定条件と呼ぶ...

? 
! Emergency stop.
 ...                                              
                                                  
l.1 ど
      こまで値が解に近づけば計算を打ち切るかを決める条件を収束判定条件と呼ぶ...

You're in trouble here.  Try typing  <return>  to proceed.
If that doesn't work, type  X <return>  to quit.

 
Here is how much of TeX's memory you used:
 5 strings out of 94677
 195 string characters out of 1176936
 49320 words of memory out of 1000000
 3394 multiletter control sequences out of 10000+50000
 7511 words of font info for 31 fonts, out of 500000 for 2000
 566 hyphenation exceptions out of 1000
 5i,0n,4p,117b,14s stack positions out of 1500i,500n,5000p,200000b,5000s
No pages of output.
