This is pTeX, Version 3.141592-p3.1.10 (sjis) (Web2C 7.5.4) (format=platex-sjis 2006.11.11)  27 AUG 2012 16:25
**LAFundamentals.tex
(./LAFundamentals.tex
pLaTeX2e <2006/01/04>+0 (based on LaTeX2e <2005/12/01> patch level 0)
(/usr/local/teTeX/share/texmf/ptex/platex/base/jreport.cls
Document Class: jreport 2002/04/09 v1.4 Standard pLaTeX class
\c@@paper=\count81
(/usr/local/teTeX/share/texmf/ptex/platex/base/jsize10.clo
File: jsize10.clo 2002/04/09 v1.4 Standard pLaTeX file (size option)
)
\c@part=\count82
\c@chapter=\count83
\c@section=\count84
\c@subsection=\count85
\c@subsubsection=\count86
\c@paragraph=\count87
\c@subparagraph=\count88
\c@figure=\count89
\c@table=\count90
\abovecaptionskip=\skip41
\belowcaptionskip=\skip42
\symmincho=\mathgroup4
LaTeX Font Info:    Overwriting symbol font `mincho' in version `bold'
(Font)                  JY1/mc/m/n --> JY1/gt/m/n on input line 673.
LaTeX Info: Redefining \mathrm on input line 675.
LaTeX Info: Redefining \mathbf on input line 676.
\toclineskip=\dimen118
\@lnumwidth=\dimen119
\bibindent=\dimen120
\heisei=\count91
)
(/usr/local/teTeX/share/texmf-local/tex/latex/graphics/graphicx.sty
Package: graphicx 1999/02/16 v1.0f Enhanced LaTeX Graphics (DPC,SPQR)

(/usr/local/teTeX/share/texmf-local/tex/latex/graphics/keyval.sty
Package: keyval 1999/03/16 v1.13 key=value parser (DPC)
\KV@toks@=\toks15
)
(/usr/local/teTeX/share/texmf-local/tex/latex/graphics/graphics.sty
Package: graphics 2006/02/20 v1.0o Standard LaTeX Graphics (DPC,SPQR)

(/usr/local/teTeX/share/texmf-local/tex/latex/graphics/trig.sty
Package: trig 1999/03/16 v1.09 sin cos tan (DPC)
)
(/usr/local/teTeX/share/texmf-dist/tex/latex/graphics/graphics.cfg
File: graphics.cfg 2005/02/03 v1.3 graphics configuration of teTeX/TeXLive
)
Package graphics Info: Driver file: dvips.def on input line 90.

(/usr/local/teTeX/share/texmf-local/tex/latex/graphics/dvips.def
File: dvips.def 1999/02/16 v3.0i Driver-dependant file (DPC,SPQR)
))
\Gin@req@height=\dimen121
\Gin@req@width=\dimen122
)
(/usr/local/teTeX/share/texmf-local/tex/latex/graphics/color.sty
Package: color 2005/11/14 v1.0j Standard LaTeX Color (DPC)

(/usr/local/teTeX/share/texmf-dist/tex/latex/graphics/color.cfg
File: color.cfg 2005/02/03 v1.3 color configuration of teTeX/TeXLive
)
Package color Info: Driver file: dvips.def on input line 130.

(/usr/local/teTeX/share/texmf-local/tex/latex/graphics/dvipsnam.def
File: dvipsnam.def 1999/02/16 v3.0i Driver-dependant file (DPC,SPQR)
))
(/usr/local/teTeX/share/texmf-local/tex/latex/tools/verbatim.sty
Package: verbatim 2003/08/22 v1.5q LaTeX2e package for verbatim enhancements
\every@verbatim=\toks16
\verbatim@line=\toks17
\verbatim@in@stream=\read1
)
(/usr/local/teTeX/share/texmf-local/tex/latex/tools/tabularx.sty
Package: tabularx 1999/01/07 v2.07 `tabularx' package (DPC)

(/usr/local/teTeX/share/texmf-local/tex/latex/tools/array.sty
Package: array 2005/08/23 v2.4b Tabular extension package (FMi)
\col@sep=\dimen123
\extrarowheight=\dimen124
\NC@list=\toks18
\extratabsurround=\skip43
\backup@length=\skip44
)
\TX@col@width=\dimen125
\TX@old@table=\dimen126
\TX@old@col=\dimen127
\TX@target=\dimen128
\TX@delta=\dimen129
\TX@cols=\count92
\TX@ftn=\toks19
)
(/usr/local/teTeX/share/texmf-local/tex/latex/amsmath/amsmath.sty
Package: amsmath 2000/07/18 v2.13 AMS math features
\@mathmargin=\skip45

For additional information on amsmath, use the `?' option.
(/usr/local/teTeX/share/texmf-local/tex/latex/amsmath/amstext.sty
Package: amstext 2000/06/29 v2.01

(/usr/local/teTeX/share/texmf-local/tex/latex/amsmath/amsgen.sty
File: amsgen.sty 1999/11/30 v2.0
\@emptytoks=\toks20
\ex@=\dimen130
))
(/usr/local/teTeX/share/texmf-local/tex/latex/amsmath/amsbsy.sty
Package: amsbsy 1999/11/29 v1.2d
\pmbraise@=\dimen131
)
(/usr/local/teTeX/share/texmf-local/tex/latex/amsmath/amsopn.sty
Package: amsopn 1999/12/14 v2.01 operator names
)
\inf@bad=\count93
LaTeX Info: Redefining \frac on input line 211.
\uproot@=\count94
\leftroot@=\count95
LaTeX Info: Redefining \overline on input line 307.
\classnum@=\count96
\DOTSCASE@=\count97
LaTeX Info: Redefining \ldots on input line 379.
LaTeX Info: Redefining \dots on input line 382.
LaTeX Info: Redefining \cdots on input line 467.
\Mathstrutbox@=\box41
\strutbox@=\box42
\big@size=\dimen132
LaTeX Font Info:    Redeclaring font encoding OML on input line 567.
LaTeX Font Info:    Redeclaring font encoding OMS on input line 568.
\macc@depth=\count98
\c@MaxMatrixCols=\count99
\dotsspace@=\muskip10
\c@parentequation=\count100
\dspbrk@lvl=\count101
\tag@help=\toks21
\row@=\count102
\column@=\count103
\maxfields@=\count104
\andhelp@=\toks22
\eqnshift@=\dimen133
\alignsep@=\dimen134
\tagshift@=\dimen135
\tagwidth@=\dimen136
\totwidth@=\dimen137
\lineht@=\dimen138
\@envbody=\toks23
\multlinegap=\skip46
\multlinetaggap=\skip47
\mathdisplay@stack=\toks24
LaTeX Info: Redefining \[ on input line 2666.
LaTeX Info: Redefining \] on input line 2667.
)
(/usr/local/teTeX/share/texmf-local/tex/latex/amscls/amsthm.sty
Package: amsthm 2004/08/06 v2.20
\thm@style=\toks25
\thm@bodyfont=\toks26
\thm@headfont=\toks27
\thm@notefont=\toks28
\thm@headpunct=\toks29
\thm@preskip=\skip48
\thm@postskip=\skip49
\thm@headsep=\skip50
\dth@everypar=\toks30
)
(/usr/local/teTeX/share/texmf-dist/tex/latex/amsfonts/amssymb.sty
Package: amssymb 2002/01/22 v2.2d

(/usr/local/teTeX/share/texmf-dist/tex/latex/amsfonts/amsfonts.sty
Package: amsfonts 2001/10/25 v2.2f
\symAMSa=\mathgroup5
\symAMSb=\mathgroup6
LaTeX Font Info:    Overwriting math alphabet `\mathfrak' in version `bold'
(Font)                  U/euf/m/n --> U/euf/b/n on input line 132.
))
(./LAFundamentals.aux

LaTeX Warning: Label `default' multiply defined.

)
\openout1 = `LAFundamentals.aux'.

LaTeX Font Info:    Checking defaults for OML/cmm/m/it on input line 45.
LaTeX Font Info:    ... okay on input line 45.
LaTeX Font Info:    Checking defaults for T1/cmr/m/n on input line 45.
LaTeX Font Info:    ... okay on input line 45.
LaTeX Font Info:    Checking defaults for OT1/cmr/m/n on input line 45.
LaTeX Font Info:    ... okay on input line 45.
LaTeX Font Info:    Checking defaults for OMS/cmsy/m/n on input line 45.
LaTeX Font Info:    ... okay on input line 45.
LaTeX Font Info:    Checking defaults for OMX/cmex/m/n on input line 45.
LaTeX Font Info:    ... okay on input line 45.
LaTeX Font Info:    Checking defaults for U/cmr/m/n on input line 45.
LaTeX Font Info:    ... okay on input line 45.
LaTeX Font Info:    Checking defaults for JY1/mc/m/n on input line 45.
LaTeX Font Info:    ... okay on input line 45.
LaTeX Font Info:    Checking defaults for JT1/mc/m/n on input line 45.
LaTeX Font Info:    ... okay on input line 45.

ëÊ 1 èÕ
LaTeX Font Info:    Font shape `JT1/mc/bx/n' in size <20.74> not available
(Font)              Font shape `JT1/gt/m/n' tried instead on input line 46.
LaTeX Font Info:    Font shape `JY1/mc/bx/n' in size <20.74> not available
(Font)              Font shape `JY1/gt/m/n' tried instead on input line 46.
LaTeX Font Info:    Font shape `JT1/mc/bx/n' in size <14.4> not available
(Font)              Font shape `JT1/gt/m/n' tried instead on input line 47.
LaTeX Font Info:    Font shape `JY1/mc/bx/n' in size <14.4> not available
(Font)              Font shape `JY1/gt/m/n' tried instead on input line 47.
(./SimultaneousEquations.tex
LaTeX Font Info:    Try loading font information for U+msa on input line 4.

(/usr/local/teTeX/share/texmf-dist/tex/latex/amsfonts/umsa.fd
File: umsa.fd 2002/01/19 v2.2g AMS font definitions
)
LaTeX Font Info:    Try loading font information for U+msb on input line 4.

(/usr/local/teTeX/share/texmf-dist/tex/latex/amsfonts/umsb.fd
File: umsb.fd 2002/01/19 v2.2g AMS font definitions
))
(./LUDecomposition.tex [1


]) (./Projection.tex
File: ./figures/LAFundamentalsplot2d1.eps Graphic file (type eps)

<./figures/LAFundamentalsplot2d1.eps> [2] [3]
File: ./figures/LAFundamentalsplot2d2.eps Graphic file (type eps)

<./figures/LAFundamentalsplot2d2.eps>
File: ./figures/Projection3-4.eps Graphic file (type eps)
 <./figures/Projection3-4.eps>)
(./Eigenvectors.tex [4]
LaTeX Font Info:    Font shape `JT1/mc/bx/n' in size <12> not available
(Font)              Font shape `JT1/gt/m/n' tried instead on input line 18.
LaTeX Font Info:    Font shape `JY1/mc/bx/n' in size <12> not available
(Font)              Font shape `JY1/gt/m/n' tried instead on input line 18.
File: ./figures/LAFundamentalsplot2d3.eps Graphic file (type eps)
 <./figures/LAFundamentalsplot2d3.eps>)
(./Determinant.tex [5]
File: ./figures/LAFundamentalsplot2d4.eps Graphic file (type eps)
 <./figures/LAFundamentalsplot2d4.eps>)
(./ImageKernel.tex [6]
File: ./figures/LAFundamentalsplot2d5.eps Graphic file (type eps)
 <./figures/LAFundamentalsplot2d5.eps>
File: ./figures/LAFundamentalsKernelImage.eps Graphic file (type eps)

<./figures/LAFundamentalsKernelImage.eps> [7] <./figures/Projection1.eps>
<./figures/Projection2.eps> <./figures/Projection1.eps>
<./figures/Projection2.eps>
File: ./figures/Projection1.eps Graphic file (type eps)
 <./figures/Projection1.eps>
File: ./figures/Projection2.eps Graphic file (type eps)

<./figures/Projection2.eps>) (./Bijection.tex

LaTeX Font Warning: Font shape `JT1/mc/m/it' undefined
(Font)              using `JT1/mc/m/n' instead on input line 33.


LaTeX Font Warning: Font shape `JY1/mc/m/it' undefined
(Font)              using `JY1/mc/m/n' instead on input line 33.

<./figures/Projection3-1.eps> <./figures/Projection3-2.eps>
<./figures/Projection3-3.eps> <./figures/Projection3-4.eps>
<./figures/Projection3-1.eps> <./figures/Projection3-2.eps>
<./figures/Projection3-3.eps> <./figures/Projection3-4.eps>
File: ./figures/Projection3-1.eps Graphic file (type eps)

<./figures/Projection3-1.eps>
File: ./figures/Projection3-2.eps Graphic file (type eps)
 <./figures/Projection3-2.eps>
File: ./figures/Projection3-3.eps Graphic file (type eps)

<./figures/Projection3-3.eps>
File: ./figures/Projection3-4.eps Graphic file (type eps)
 <./figures/Projection3-4.eps>) (./Problem.tex
[8] [9]
File: ./figures/LAFundamentalsplot2d8.eps Graphic file (type eps)
 <./figures/LAFundamentalsplot2d8.eps>) [10] (./LAFundamentals.aux)

LaTeX Font Warning: Some font shapes were not available, defaults substituted.


LaTeX Warning: There were multiply-defined labels.

 ) 
Here is how much of TeX's memory you used:
 1928 strings out of 94677
 23957 string characters out of 1176936
 80135 words of memory out of 1000000
 5184 multiletter control sequences out of 10000+50000
 14090 words of font info for 57 fonts, out of 500000 for 2000
 566 hyphenation exceptions out of 1000
 27i,11n,24p,530b,681s stack positions out of 1500i,500n,5000p,200000b,5000s

Output written on LAFundamentals.dvi (10 pages, 27800 bytes).
