This is e-pTeX, Version 3.14159265-p3.6-141210-2.6 (utf8.euc) (TeX Live 2015) (preloaded format=platex 2015.7.31)  29 JUL 2016 22:46
entering extended mode
 restricted \write18 enabled.
 file:line:error style messages enabled.
 %&-line parsing enabled.
**NumMaple
(./NumMaple.tex
pLaTeX2e <2006/11/10> (based on LaTeX2e <2015/01/01> patch level 0)
Babel <3.9l> and hyphenation patterns for 79 languages loaded.
(/usr/local/texlive/2015/texmf-dist/tex/platex/jsclasses/jsbook.cls
Document Class: jsbook 2014/02/07 okumura
LaTeX Info: Redefining \rmfamily on input line 359.
LaTeX Info: Redefining \sffamily on input line 362.
LaTeX Info: Redefining \ttfamily on input line 365.
\symmincho=\mathgroup4
LaTeX Font Info:    Overwriting symbol font `mincho' in version `bold'
(Font)                  JY1/mc/m/n --> JY1/gt/m/n on input line 430.
LaTeX Font Info:    Font shape `JT1/mc/m/n' will be
(Font)              scaled to size 9.60999pt on input line 620.
LaTeX Font Info:    Font shape `JY1/mc/m/n' will be
(Font)              scaled to size 9.60999pt on input line 620.
\fullwidth=\dimen118
LaTeX Font Info:    Font shape `JT1/mc/m/n' will be
(Font)              scaled to size 7.68799pt on input line 775.
LaTeX Font Info:    Font shape `JY1/mc/m/n' will be
(Font)              scaled to size 7.68799pt on input line 775.
\c@part=\count81
\c@chapter=\count82
\c@section=\count83
\c@subsection=\count84
\c@subsubsection=\count85
\c@paragraph=\count86
\c@subparagraph=\count87
\c@figure=\count88
\c@table=\count89
\abovecaptionskip=\skip41
\belowcaptionskip=\skip42
\js@tocl@width=\dimen119
\@lnumwidth=\dimen120
\bibindent=\dimen121
LaTeX Info: Redefining \TeX on input line 1815.
LaTeX Info: Redefining \LaTeX on input line 1841.
LaTeX Info: Redefining \LaTeXe on input line 1866.
\heisei=\count90
) (/usr/local/texlive/2015/texmf-dist/tex/latex/graphics/graphicx.sty
Package: graphicx 2014/10/28 v1.0g Enhanced LaTeX Graphics (DPC,SPQR)

(/usr/local/texlive/2015/texmf-dist/tex/latex/graphics/keyval.sty
Package: keyval 2014/10/28 v1.15 key=value parser (DPC)
\KV@toks@=\toks15
)
(/usr/local/texlive/2015/texmf-dist/tex/latex/graphics/graphics.sty
Package: graphics 2014/10/28 v1.0p Standard LaTeX Graphics (DPC,SPQR)

(/usr/local/texlive/2015/texmf-dist/tex/latex/graphics/trig.sty
Package: trig 1999/03/16 v1.09 sin cos tan (DPC)
)
(/usr/local/texlive/2015/texmf-dist/tex/latex/latexconfig/graphics.cfg
File: graphics.cfg 2010/04/23 v1.9 graphics configuration of TeX Live
)
Package graphics Info: Driver file: dvipdfmx.def on input line 94.

(/usr/local/texlive/2015/texmf-dist/tex/latex/dvipdfmx-def/dvipdfmx.def
File: dvipdfmx.def 2015/03/26 v4.04 LaTeX color/graphics driver for dvipdfmx (T
eX Live/ChoF)
))
\Gin@req@height=\dimen122
\Gin@req@width=\dimen123
)
(/usr/local/texlive/2015/texmf-dist/tex/latex/graphics/color.sty
Package: color 2014/10/28 v1.1a Standard LaTeX Color (DPC)

(/usr/local/texlive/2015/texmf-dist/tex/latex/latexconfig/color.cfg
File: color.cfg 2007/01/18 v1.5 color configuration of teTeX/TeXLive
)
Package color Info: Driver file: dvipdfmx.def on input line 142.

(/usr/local/texlive/2015/texmf-dist/tex/latex/graphics/dvipsnam.def
File: dvipsnam.def 2014/10/14 v3.0j Driver-dependent file (DPC,SPQR)
))
(/usr/local/texlive/2015/texmf-dist/tex/latex/hyperref/hyperref.sty
Package: hyperref 2012/11/06 v6.83m Hypertext links for LaTeX

(/usr/local/texlive/2015/texmf-dist/tex/generic/oberdiek/hobsub-hyperref.sty
Package: hobsub-hyperref 2012/05/28 v1.13 Bundle oberdiek, subset hyperref (HO)


(/usr/local/texlive/2015/texmf-dist/tex/generic/oberdiek/hobsub-generic.sty
Package: hobsub-generic 2012/05/28 v1.13 Bundle oberdiek, subset generic (HO)
Package: hobsub 2012/05/28 v1.13 Construct package bundles (HO)
Package: infwarerr 2010/04/08 v1.3 Providing info/warning/error messages (HO)
Package: ltxcmds 2011/11/09 v1.22 LaTeX kernel commands for general use (HO)
Package: ifluatex 2010/03/01 v1.3 Provides the ifluatex switch (HO)
Package ifluatex Info: LuaTeX not detected.
Package: ifvtex 2010/03/01 v1.5 Detect VTeX and its facilities (HO)
Package ifvtex Info: VTeX not detected.
Package: intcalc 2007/09/27 v1.1 Expandable calculations with integers (HO)
Package: ifpdf 2011/01/30 v2.3 Provides the ifpdf switch (HO)
Package ifpdf Info: pdfTeX in PDF mode is not detected.
Package: etexcmds 2011/02/16 v1.5 Avoid name clashes with e-TeX commands (HO)
Package etexcmds Info: Could not find \expanded.
(etexcmds)             That can mean that you are not using pdfTeX 1.50 or
(etexcmds)             that some package has redefined \expanded.
(etexcmds)             In the latter case, load this package earlier.
Package: kvsetkeys 2012/04/25 v1.16 Key value parser (HO)
Package: kvdefinekeys 2011/04/07 v1.3 Define keys (HO)
Package: pdftexcmds 2011/11/29 v0.20 Utility functions of pdfTeX for LuaTeX (HO
)
Package pdftexcmds Info: LuaTeX not detected.
Package pdftexcmds Info: pdfTeX >= 1.30 not detected.
Package pdftexcmds Info: \pdf@primitive is not available.
Package pdftexcmds Info: \pdf@ifprimitive is not available.
Package pdftexcmds Info: \pdfdraftmode not found.
Package: pdfescape 2011/11/25 v1.13 Implements pdfTeX's escape features (HO)
Package: bigintcalc 2012/04/08 v1.3 Expandable calculations on big integers (HO
)
Package: bitset 2011/01/30 v1.1 Handle bit-vector datatype (HO)
Package: uniquecounter 2011/01/30 v1.2 Provide unlimited unique counter (HO)
)
Package hobsub Info: Skipping package `hobsub' (already loaded).
Package: letltxmacro 2010/09/02 v1.4 Let assignment for LaTeX macros (HO)
Package: hopatch 2012/05/28 v1.2 Wrapper for package hooks (HO)
Package: xcolor-patch 2011/01/30 xcolor patch
Package: atveryend 2011/06/30 v1.8 Hooks at the very end of document (HO)
Package atveryend Info: \enddocument detected (standard20110627).
Package: atbegshi 2011/10/05 v1.16 At begin shipout hook (HO)
Package: refcount 2011/10/16 v3.4 Data extraction from label references (HO)
Package: hycolor 2011/01/30 v1.7 Color options for hyperref/bookmark (HO)
)
(/usr/local/texlive/2015/texmf-dist/tex/generic/ifxetex/ifxetex.sty
Package: ifxetex 2010/09/12 v0.6 Provides ifxetex conditional
)
(/usr/local/texlive/2015/texmf-dist/tex/latex/oberdiek/auxhook.sty
Package: auxhook 2011/03/04 v1.3 Hooks for auxiliary files (HO)
)
(/usr/local/texlive/2015/texmf-dist/tex/latex/oberdiek/kvoptions.sty
Package: kvoptions 2011/06/30 v3.11 Key value format for package options (HO)
)
\@linkdim=\dimen124
\Hy@linkcounter=\count91
\Hy@pagecounter=\count92

(/usr/local/texlive/2015/texmf-dist/tex/latex/hyperref/pd1enc.def
File: pd1enc.def 2012/11/06 v6.83m Hyperref: PDFDocEncoding definition (HO)
)
\Hy@SavedSpaceFactor=\count93

(/usr/local/texlive/2015/texmf-dist/tex/latex/latexconfig/hyperref.cfg
File: hyperref.cfg 2002/06/06 v1.2 hyperref configuration of TeXLive
)
Package hyperref Info: Option `colorlinks' set `true' on input line 4319.
Package hyperref Info: Hyper figures OFF on input line 4443.
Package hyperref Info: Link nesting OFF on input line 4448.
Package hyperref Info: Hyper index ON on input line 4451.
Package hyperref Info: Plain pages OFF on input line 4458.
Package hyperref Info: Backreferencing OFF on input line 4463.
Package hyperref Info: Implicit mode ON; LaTeX internals redefined.
Package hyperref Info: Bookmarks ON on input line 4688.
\c@Hy@tempcnt=\count94

(/usr/local/texlive/2015/texmf-dist/tex/latex/url/url.sty
\Urlmuskip=\muskip10
Package: url 2013/09/16  ver 3.4  Verb mode for urls, etc.
)
LaTeX Info: Redefining \url on input line 5041.
\XeTeXLinkMargin=\dimen125
\Fld@menulength=\count95
\Field@Width=\dimen126
\Fld@charsize=\dimen127
Package hyperref Info: Hyper figures OFF on input line 6295.
Package hyperref Info: Link nesting OFF on input line 6300.
Package hyperref Info: Hyper index ON on input line 6303.
Package hyperref Info: backreferencing OFF on input line 6310.
Package hyperref Info: Link coloring ON on input line 6313.
Package hyperref Info: Link coloring with OCG OFF on input line 6320.
Package hyperref Info: PDF/A mode OFF on input line 6325.
LaTeX Info: Redefining \ref on input line 6365.
LaTeX Info: Redefining \pageref on input line 6369.
\Hy@abspage=\count96
\c@Item=\count97
\c@Hfootnote=\count98
)

Package hyperref Message: Driver: hdvipdfm.

(/usr/local/texlive/2015/texmf-dist/tex/latex/hyperref/hdvipdfm.def
File: hdvipdfm.def 2012/11/06 v6.83m Hyperref driver for dvipdfm
\pdfm@box=\box41
\c@Hy@AnnotLevel=\count99
\HyField@AnnotCount=\count100
\Fld@listcount=\count101
\c@bookmark@seq@number=\count102

(/usr/local/texlive/2015/texmf-dist/tex/latex/oberdiek/rerunfilecheck.sty
Package: rerunfilecheck 2011/04/15 v1.7 Rerun checks for auxiliary files (HO)
Package rerunfilecheck Info: Feature \pdfmdfivesum is not available
(rerunfilecheck)             (e.g. pdfTeX or LuaTeX with package `pdftexcmds').

(rerunfilecheck)             Therefore file contents cannot be checked efficien
tly
(rerunfilecheck)             and the loading of the package is aborted.
)
\Hy@SectionHShift=\skip43
)
(/usr/local/texlive/2015/texmf-dist/tex/latex/tools/tabularx.sty
Package: tabularx 2014/10/28 v2.10 `tabularx' package (DPC)

(/usr/local/texlive/2015/texmf-dist/tex/latex/tools/array.sty
Package: array 2014/10/28 v2.4c Tabular extension package (FMi)
\col@sep=\dimen128
\extrarowheight=\dimen129
\NC@list=\toks16
\extratabsurround=\skip44
\backup@length=\skip45
)
\TX@col@width=\dimen130
\TX@old@table=\dimen131
\TX@old@col=\dimen132
\TX@target=\dimen133
\TX@delta=\dimen134
\TX@cols=\count103
\TX@ftn=\toks17
)
(/usr/local/texlive/2015/texmf-dist/tex/latex/tools/verbatim.sty
Package: verbatim 2014/10/28 v1.5q LaTeX2e package for verbatim enhancements
\every@verbatim=\toks18
\verbatim@line=\toks19
\verbatim@in@stream=\read1
)
(/usr/local/texlive/2015/texmf-dist/tex/latex/amsmath/amsmath.sty
Package: amsmath 2013/01/14 v2.14 AMS math features
\@mathmargin=\skip46

For additional information on amsmath, use the `?' option.
(/usr/local/texlive/2015/texmf-dist/tex/latex/amsmath/amstext.sty
Package: amstext 2000/06/29 v2.01

(/usr/local/texlive/2015/texmf-dist/tex/latex/amsmath/amsgen.sty
File: amsgen.sty 1999/11/30 v2.0
\@emptytoks=\toks20
\ex@=\dimen135
))
(/usr/local/texlive/2015/texmf-dist/tex/latex/amsmath/amsbsy.sty
Package: amsbsy 1999/11/29 v1.2d
\pmbraise@=\dimen136
)
(/usr/local/texlive/2015/texmf-dist/tex/latex/amsmath/amsopn.sty
Package: amsopn 1999/12/14 v2.01 operator names
)
\inf@bad=\count104
LaTeX Info: Redefining \frac on input line 210.
\uproot@=\count105
\leftroot@=\count106
LaTeX Info: Redefining \overline on input line 306.
\classnum@=\count107
\DOTSCASE@=\count108
LaTeX Info: Redefining \ldots on input line 378.
LaTeX Info: Redefining \dots on input line 381.
LaTeX Info: Redefining \cdots on input line 466.
\Mathstrutbox@=\box42
\strutbox@=\box43
\big@size=\dimen137
LaTeX Font Info:    Redeclaring font encoding OML on input line 566.
LaTeX Font Info:    Redeclaring font encoding OMS on input line 567.
\macc@depth=\count109
\c@MaxMatrixCols=\count110
\dotsspace@=\muskip11
\c@parentequation=\count111
\dspbrk@lvl=\count112
\tag@help=\toks21
\row@=\count113
\column@=\count114
\maxfields@=\count115
\andhelp@=\toks22
\eqnshift@=\dimen138
\alignsep@=\dimen139
\tagshift@=\dimen140
\tagwidth@=\dimen141
\totwidth@=\dimen142
\lineht@=\dimen143
\@envbody=\toks23
\multlinegap=\skip47
\multlinetaggap=\skip48
\mathdisplay@stack=\toks24
LaTeX Info: Redefining \[ on input line 2665.
LaTeX Info: Redefining \] on input line 2666.
)
(/usr/local/texlive/2015/texmf-dist/tex/latex/amscls/amsthm.sty
Package: amsthm 2015/03/04 v2.20.2
\thm@style=\toks25
\thm@bodyfont=\toks26
\thm@headfont=\toks27
\thm@notefont=\toks28
\thm@headpunct=\toks29
\thm@preskip=\skip49
\thm@postskip=\skip50
\thm@headsep=\skip51
\dth@everypar=\toks30
)
(/usr/local/texlive/2015/texmf-dist/tex/latex/amsfonts/amssymb.sty
Package: amssymb 2013/01/14 v3.01 AMS font symbols

(/usr/local/texlive/2015/texmf-dist/tex/latex/amsfonts/amsfonts.sty
Package: amsfonts 2013/01/14 v3.01 Basic AMSFonts support
\symAMSa=\mathgroup5
\symAMSb=\mathgroup6
LaTeX Font Info:    Overwriting math alphabet `\mathfrak' in version `bold'
(Font)                  U/euf/m/n --> U/euf/b/n on input line 106.
))
(/usr/local/texlive/2015/texmf-dist/tex/latex/tools/bm.sty
Package: bm 2014/10/28 v1.1c Bold Symbol Support (DPC/FMi)
\symboldoperators=\mathgroup7
\symboldletters=\mathgroup8
\symboldsymbols=\mathgroup9
\symboldmincho=\mathgroup10
LaTeX Font Info:    Redeclaring math alphabet \mathbf on input line 141.
LaTeX Info: Redefining \bm on input line 207.
) (./NumMaple.aux

LaTeX Warning: Label `default' multiply defined.


LaTeX Warning: Label `default' multiply defined.


LaTeX Warning: Label `default' multiply defined.


LaTeX Warning: Label `default' multiply defined.


LaTeX Warning: Label `default' multiply defined.


LaTeX Warning: Label `default' multiply defined.


LaTeX Warning: Label `default' multiply defined.


LaTeX Warning: Label `default' multiply defined.

)
\openout1 = `NumMaple.aux'.

LaTeX Font Info:    Checking defaults for OML/cmm/m/it on input line 49.
LaTeX Font Info:    ... okay on input line 49.
LaTeX Font Info:    Checking defaults for T1/cmr/m/n on input line 49.
LaTeX Font Info:    ... okay on input line 49.
LaTeX Font Info:    Checking defaults for OT1/cmr/m/n on input line 49.
LaTeX Font Info:    ... okay on input line 49.
LaTeX Font Info:    Checking defaults for OMS/cmsy/m/n on input line 49.
LaTeX Font Info:    ... okay on input line 49.
LaTeX Font Info:    Checking defaults for OMX/cmex/m/n on input line 49.
LaTeX Font Info:    ... okay on input line 49.
LaTeX Font Info:    Checking defaults for U/cmr/m/n on input line 49.
LaTeX Font Info:    ... okay on input line 49.
LaTeX Font Info:    Checking defaults for JY1/mc/m/n on input line 49.
LaTeX Font Info:    ... okay on input line 49.
LaTeX Font Info:    Checking defaults for JT1/mc/m/n on input line 49.
LaTeX Font Info:    ... okay on input line 49.
LaTeX Font Info:    Checking defaults for PD1/pdf/m/n on input line 49.
LaTeX Font Info:    ... okay on input line 49.
\AtBeginShipoutBox=\box44
Package hyperref Info: Link coloring ON on input line 49.
 (/usr/local/texlive/2015/texmf-dist/tex/latex/hyperref/nameref.sty
Package: nameref 2012/10/27 v2.43 Cross-referencing by name of section

(/usr/local/texlive/2015/texmf-dist/tex/generic/oberdiek/gettitlestring.sty
Package: gettitlestring 2010/12/03 v1.4 Cleanup title references (HO)
)
\c@section@level=\count116
)
LaTeX Info: Redefining \ref on input line 49.
LaTeX Info: Redefining \pageref on input line 49.
LaTeX Info: Redefining \nameref on input line 49.

(./NumMaple.out) (./NumMaple.out)
\@outlinefile=\write3
\openout3 = `NumMaple.out'.

LaTeX Font Info:    Font shape `JT1/mc/m/n' will be
(Font)              scaled to size 16.60605pt on input line 55.
LaTeX Font Info:    Font shape `JY1/mc/m/n' will be
(Font)              scaled to size 16.60605pt on input line 55.
LaTeX Font Info:    Font shape `JT1/mc/m/n' will be
(Font)              scaled to size 11.53198pt on input line 55.
LaTeX Font Info:    Font shape `JY1/mc/m/n' will be
(Font)              scaled to size 11.53198pt on input line 55.
LaTeX Font Info:    Font shape `JY1/mc/m/n' will be
(Font)              scaled to size 5.76599pt on input line 55.
LaTeX Font Info:    Try loading font information for U+msa on input line 55.

(/usr/local/texlive/2015/texmf-dist/tex/latex/amsfonts/umsa.fd
File: umsa.fd 2013/01/14 v3.01 AMS symbols A
)
LaTeX Font Info:    Try loading font information for U+msb on input line 55.

(/usr/local/texlive/2015/texmf-dist/tex/latex/amsfonts/umsb.fd
File: umsb.fd 2013/01/14 v3.01 AMS symbols B
)
LaTeX Font Info:    Font shape `JY1/gt/m/n' will be
(Font)              scaled to size 11.53198pt on input line 55.
LaTeX Font Info:    Font shape `JY1/gt/m/n' will be
(Font)              scaled to size 7.68799pt on input line 55.
LaTeX Font Info:    Font shape `JY1/gt/m/n' will be
(Font)              scaled to size 5.76599pt on input line 55.
 [1


]
LaTeX Font Info:    Font shape `JT1/gt/m/n' will be
(Font)              scaled to size 9.60999pt on input line 55.
LaTeX Font Info:    Font shape `JY1/gt/m/n' will be
(Font)              scaled to size 9.60999pt on input line 55.
 [2

]
LaTeX Font Info:    Font shape `JT1/mc/m/n' will be
(Font)              scaled to size 23.90964pt on input line 55.
LaTeX Font Info:    Font shape `JY1/mc/m/n' will be
(Font)              scaled to size 23.90964pt on input line 55.
LaTeX Font Info:    Font shape `JT1/gt/m/n' will be
(Font)              scaled to size 23.90964pt on input line 55.
LaTeX Font Info:    Font shape `JY1/gt/m/n' will be
(Font)              scaled to size 23.90964pt on input line 55.

(./NumMaple.toc
LaTeX Font Info:    Font shape `JY1/mc/m/n' will be
(Font)              scaled to size 6.72699pt on input line 2.
LaTeX Font Info:    Font shape `JY1/mc/m/n' will be
(Font)              scaled to size 4.805pt on input line 2.
LaTeX Font Info:    Font shape `JY1/gt/m/n' will be
(Font)              scaled to size 6.72699pt on input line 2.
LaTeX Font Info:    Font shape `JY1/gt/m/n' will be
(Font)              scaled to size 4.805pt on input line 2.
LaTeX Font Info:    Font shape `JT1/mc/bx/n' in size <10> not available
(Font)              Font shape `JT1/gt/m/n' tried instead on input line 47.
LaTeX Font Info:    Font shape `JT1/gt/m/n' will be
(Font)              scaled to size 9.60999pt on input line 47.
LaTeX Font Info:    Font shape `JY1/mc/bx/n' in size <10> not available
(Font)              Font shape `JY1/gt/m/n' tried instead on input line 47.
LaTeX Font Info:    Font shape `JY1/gt/m/n' will be
(Font)              scaled to size 9.60999pt on input line 47.
 [3])
\tf@toc=\write4
\openout4 = `NumMaple.toc'.

 [4]
第1章
LaTeX Font Info:    Font shape `JT1/mc/m/n' will be
(Font)              scaled to size 19.9311pt on input line 58.
LaTeX Font Info:    Font shape `JY1/mc/m/n' will be
(Font)              scaled to size 19.9311pt on input line 58.
LaTeX Font Info:    Font shape `JT1/gt/m/n' will be
(Font)              scaled to size 19.9311pt on input line 58.
LaTeX Font Info:    Font shape `JY1/gt/m/n' will be
(Font)              scaled to size 19.9311pt on input line 58.
LaTeX Font Info:    Font shape `JT1/mc/m/n' will be
(Font)              scaled to size 13.83836pt on input line 59.
LaTeX Font Info:    Font shape `JY1/mc/m/n' will be
(Font)              scaled to size 13.83836pt on input line 59.
LaTeX Font Info:    Font shape `JT1/gt/m/n' will be
(Font)              scaled to size 13.83836pt on input line 59.
LaTeX Font Info:    Font shape `JY1/gt/m/n' will be
(Font)              scaled to size 13.83836pt on input line 59.
(./FSolve/abs.tex) (./FSolve/solve.tex
File: ./figures/C2_fsolveplot2d1.eps Graphic file (type eps)
 <./figures/C2_fsolveplot2d1.eps>
[5

]) (./FSolve/principle.tex
LaTeX Font Info:    Font shape `JT1/gt/m/n' will be
(Font)              scaled to size 11.53198pt on input line 1.
File: ./figures/C2_fsolveplot2d2.eps Graphic file (type eps)
 <./figures/C2_fsolveplot2d2.eps> [6]
File: ./figures/C2_fsolveplot2d3.eps Graphic file (type eps)

<./figures/C2_fsolveplot2d3.eps>

LaTeX Warning: `h' float specifier changed to `ht'.

) (./FSolve/code.tex [7] [8]) (./FSolve/convergency.tex [9])
(./FSolve/EpsilonDelta.tex
File: ./figures/C2_fsolveplot2d4.eps Graphic file (type eps)
 <./figures/C2_fsolveplot2d4.eps>)
(./FSolve/MultiVariables.tex [10]
File: ./figures/C2_fsolveplot3d5.eps Graphic file (type eps)
 <./figures/C2_fsolveplot3d5.eps>)
(./FSolve/example.tex [11]
File: ./figures/fsolveExampleplot2d1.eps Graphic file (type eps)
 <./figures/fsolveExampleplot2d1.eps> [12]
File: ./figures/fsolveExampleplot2d2.eps Graphic file (type eps)

<./figures/fsolveExampleplot2d2.eps>) (./FSolve/Exfsolve.tex [13]
File: ./figures/C2_fsolveplot2d6.eps Graphic file (type eps)

<./figures/C2_fsolveplot2d6.eps>) [14]
第2章
(./Error/TruncationRoundoff.tex
LaTeX Font Info:    Font shape `JT1/mc/m/n' will be
(Font)              scaled to size 8.64899pt on input line 9.
LaTeX Font Info:    Font shape `JY1/mc/m/n' will be
(Font)              scaled to size 8.64899pt on input line 9.
) (./Error/SignificantDigits.tex [15

])
(./Error/FloatingPointArithmetic.tex [16]) (./Error/MachineEpsilon.tex [17])
(./Error/Cancellation.tex) (./Error/Problems.tex [18]) [19] [20

]
第3章
(./LAFundamentals/SimultaneousEquations.tex [21])
(./LAFundamentals/LUDecomposition.tex) (./LAFundamentals/Projection.tex
File: ./figures/LAFundamentalsplot2d1.eps Graphic file (type eps)

<./figures/LAFundamentalsplot2d1.eps> [22] [23]
File: ./figures/LAFundamentalsplot2d2.eps Graphic file (type eps)

<./figures/LAFundamentalsplot2d2.eps>
File: ./figures/Projection3-4.eps Graphic file (type eps)
 <./figures/Projection3-4.eps>)
(./LAFundamentals/Eigenvectors.tex [24]
File: ./figures/LAFundamentalsplot2d3.eps Graphic file (type eps)
 <./figures/LAFundamentalsplot2d3.eps>
[25]) (./LAFundamentals/Determinant.tex
File: ./figures/LAFundamentalsplot2d4.eps Graphic file (type eps)
 <./figures/LAFundamentalsplot2d4.eps>
[26]) (./LAFundamentals/ImageKernel.tex
File: ./figures/LAFundamentalsplot2d5.eps Graphic file (type eps)
 <./figures/LAFundamentalsplot2d5.eps>
[27]
File: ./figures/LAFundamentalsKernelImage.eps Graphic file (type eps)
 <./figures/LAFundamentalsKernelImage.eps> [28]
<./figures/Projection1.eps> <./figures/Projection2.eps>
<./figures/Projection1.eps> <./figures/Projection2.eps>
File: ./figures/Projection1.eps Graphic file (type eps)

<./figures/Projection1.eps>
File: ./figures/Projection2.eps Graphic file (type eps)
 <./figures/Projection2.eps>)
(./LAFundamentals/Bijection.tex
LaTeX Font Info:    Font shape `JT1/mc/m/it' in size <10> not available
(Font)              Font shape `JT1/mc/m/n' tried instead on input line 33.
LaTeX Font Info:    Font shape `JT1/mc/m/n' will be
(Font)              scaled to size 9.60999pt on input line 33.
LaTeX Font Info:    Font shape `JY1/mc/m/it' in size <10> not available
(Font)              Font shape `JY1/mc/m/n' tried instead on input line 33.
LaTeX Font Info:    Font shape `JY1/mc/m/n' will be
(Font)              scaled to size 9.60999pt on input line 33.
LaTeX Font Info:    Font shape `JY1/gt/m/n' will be
(Font)              scaled to size 8.64899pt on input line 42.
 <./figures/Projection3-1.eps>
<./figures/Projection3-2.eps> <./figures/Projection3-3.eps>
<./figures/Projection3-4.eps> <./figures/Projection3-1.eps>
<./figures/Projection3-2.eps> <./figures/Projection3-3.eps>
<./figures/Projection3-4.eps>
File: ./figures/Projection3-1.eps Graphic file (type eps)
 <./figures/Projection3-1.eps>
File: ./figures/Projection3-2.eps Graphic file (type eps)

<./figures/Projection3-2.eps>
File: ./figures/Projection3-3.eps Graphic file (type eps)
 <./figures/Projection3-3.eps>
File: ./figures/Projection3-4.eps Graphic file (type eps)

<./figures/Projection3-4.eps>) (./LAFundamentals/Problem.tex [29]
File: ./figures/LAFundamentalsplot2d8.eps Graphic file (type eps)

<./figures/LAFundamentalsplot2d8.eps>) [30]
第4章
(./LAMatrixInverse/abstract.tex) (./LAMatrixInverse/GaussianElimination.tex
[31

]) (./LAMatrixInverse/LUDecomposition.tex)
(./LAMatrixInverse/LUDecompositionCode.tex [32] [33])
(./LAMatrixInverse/Pivot.tex) (./LAMatrixInverse/JacobiGaussSeidel.tex [34])
(./LAMatrixInverse/Problem.tex [35]) (./LAMatrixInverse/Answer.tex [36])
[37] [38

]
第5章
(./LAEigenvectors/Eigenvectors.tex [39])
(./LAEigenvectors/GeometricalMeaning.tex
File: ./figures/EigenVectors3plot1.eps Graphic file (type eps)
 <./figures/EigenVectors3plot1.eps>
[40]) (./LAEigenvectors/GooglePageRank.tex
File: ./figures/linkstruct.eps Graphic file (type eps)
 <./figures/linkstruct.eps>
LaTeX Font Info:    Font shape `JT1/mc/m/n' will be
(Font)              scaled to size 6.72699pt on input line 7.
LaTeX Font Info:    Font shape `JT1/mc/m/n' will be
(Font)              scaled to size 5.76599pt on input line 7.
LaTeX Font Info:    Font shape `JT1/gt/m/n' will be
(Font)              scaled to size 7.68799pt on input line 7.
 [41])
[42] (./LAEigenvectors/GooglePageRankPrinciples.tex)
(./LAEigenvectors/JacobiRotation.tex [43] [44])
(./LAEigenvectors/JacobiRotationCode.tex [45] [46] [47])
(./LAEigenvectors/LAPACK.tex [48] [49] [50] [51]) (./LAEigenvectors/Problem.tex
) [52]
第6章
(./InterpolationIntegral/abstract.tex)
(./InterpolationIntegral/PolynomialInterpolation.tex [53

]
File: ./figures/C7_InterpolationIntegralplot2d1.eps Graphic file (type eps)

<./figures/C7_InterpolationIntegralplot2d1.eps> [54]
File: ./figures/C7_InterpolationIntegralplot2d2.eps Graphic file (type eps)

<./figures/C7_InterpolationIntegralplot2d2.eps>)
(./InterpolationIntegral/Lagrange.tex [55]) (./InterpolationIntegral/Newton.tex
[56]
LaTeX Font Info:    Font shape `JT1/mc/m/n' will be
(Font)              scaled to size 4.805pt on input line 50.
) (./InterpolationIntegral/Integral.tex [57] [58])
(./InterpolationIntegral/IntegralCode.tex
File: ./figures/C7_InterpolationIntegralplot2d3.eps Graphic file (type eps)

<./figures/C7_InterpolationIntegralplot2d3.eps> [59] [60])
(./InterpolationIntegral/Problem.tex) [61] [62

]
第7章
(./LeastSquareFit/LeastSquare.tex
File: ./figures/C8_LeastSquareFitplot2d1.eps Graphic file (type eps)
 <./figures/C8_LeastSquareFitplot2d1.eps>
File: ./figures/C8_LeastSquareFitplot2d2.eps Graphic file (type eps)

<./figures/C8_LeastSquareFitplot2d2.eps> [63]) (./LeastSquareFit/Principle.tex)

Package hyperref Warning: Token not allowed in a PDF string (PDFDocEncoding):
(hyperref)                removing `math shift' on input line 172.


Package hyperref Warning: Token not allowed in a PDF string (PDFDocEncoding):
(hyperref)                removing `\chi' on input line 172.


Package hyperref Warning: Token not allowed in a PDF string (PDFDocEncoding):
(hyperref)                removing `superscript' on input line 172.


Package hyperref Warning: Token not allowed in a PDF string (PDFDocEncoding):
(hyperref)                removing `math shift' on input line 172.

(./LeastSquareFit/ChiSquare.tex [64]
File: ./figures/C8_LeastSquareFitplot3d3.eps Graphic file (type eps)
 <./figures/C8_LeastSquareFitplot3d3.eps>)
(./LeastSquareFit/NormalEquations.tex [65] [66])
(./LeastSquareFit/SingularValueDecomposition.tex [67])
(./LeastSquareFit/SurfaceFit.tex [68]
File: ./figures/C8_LeastSquareFitplot3d4.eps Graphic file (type eps)
 <./figures/C8_LeastSquareFitplot3d4.eps>
[69]) (./LeastSquareFit/Problem.tex [70]) [71] [72

]
第8章
(./NonLinearFit/Principle.tex
File: ./figures/C9_NonLinearFitplot2d1.eps Graphic file (type eps)
 <./figures/C9_NonLinearFitplot2d1.eps> [73]
File: ./figures/C9_NonLinearFitplot2d2.eps Graphic file (type eps)

<./figures/C9_NonLinearFitplot2d2.eps>
File: ./figures/C9_NonLinearFitplot2d3.eps Graphic file (type eps)
 <./figures/C9_NonLinearFitplot2d3.eps>)
(./NonLinearFit/Procedures.tex [74]) (./NonLinearFit/MapleCode.tex
File: ./figures/C9_NonLinearFitplot2d4.eps Graphic file (type eps)

<./figures/C9_NonLinearFitplot2d4.eps> [75]
File: ./figures/C9_NonLinearFitplot2d5.eps Graphic file (type eps)

<./figures/C9_NonLinearFitplot2d5.eps> [76] [77]
File: ./figures/C9_NonLinearFitplot2d6.eps Graphic file (type eps)

<./figures/C9_NonLinearFitplot2d6.eps>) (./NonLinearFit/MemoGaussNewton.tex)
(./NonLinearFit/Problem.tex
File: ./figures/C9_NonLinearFitplot2d8.eps Graphic file (type eps)
 <./figures/C9_NonLinearFitplot2d8.eps>)
(./NonLinearFit/Ans.tex [78] [79]
File: ./figures/C9_NonLinearFitplot2d9.eps Graphic file (type eps)
 <./figures/C9_NonLinearFitplot2d9.eps>
File: ./figures/C9_NonLinearFitplot2d10.eps Graphic file (type eps)

<./figures/C9_NonLinearFitplot2d10.eps>) [80]
第9章
(./FFT/Applications.tex
File: ./figures/C10_FFTplot2d1.eps Graphic file (type eps)
 <./figures/C10_FFTplot2d1.eps>
File: ./figures/C10_FFTplot2d2.eps Graphic file (type eps)

<./figures/C10_FFTplot2d2.eps> [81

]
File: ./figures/C10_FFTplot2d3.eps Graphic file (type eps)
 <./figures/C10_FFTplot2d3.eps>
File: ./figures/C10_FFTplot2d4.eps Graphic file (type eps)

<./figures/C10_FFTplot2d4.eps>
File: ./figures/C10_FFTplot2d5.eps Graphic file (type eps)
 <./figures/C10_FFTplot2d5.eps> [82]
File: ./figures/C10_FFTplot2d6.eps Graphic file (type eps)

<./figures/C10_FFTplot2d6.eps>
File: ./figures/C10_FFTplot2d7.eps Graphic file (type eps)
 <./figures/C10_FFTplot2d7.eps>
File: ./figures/C10_FFTplot3d6.eps Graphic file (type eps)

<./figures/C10_FFTplot3d6.eps>
File: ./figures/C10_FFTplot2d8.eps Graphic file (type eps)
 <./figures/C10_FFTplot2d8.eps> [83])
(./FFT/Outline.tex) (./FFT/Fourier.tex) (./FFT/Orthogonal.tex
File: ./figures/C10_FFTplot2d9.eps Graphic file (type eps)

<./figures/C10_FFTplot2d9.eps> [84]
File: ./figures/C10_FFTplot2d10.eps Graphic file (type eps)
 <./figures/C10_FFTplot2d10.eps>)
(./FFT/DirectIntegration.tex [85]
File: ./figures/C10_FFTplot2d11.eps Graphic file (type eps)
 <./figures/C10_FFTplot2d11.eps> [86] [87]
File: ./figures/C10_FFTplot2d12.eps Graphic file (type eps)

<./figures/C10_FFTplot2d12.eps>) (./FFT/DiscreteOrthogonal.tex [88] [89]
File: ./figures/C10_FFTplot2d13.eps Graphic file (type eps)

<./figures/C10_FFTplot2d13.eps>) (./FFT/TukeyAlgorithm.tex [90]
File: ./figures/C10_FFTplot2d14.eps Graphic file (type eps)

<./figures/C10_FFTplot2d14.eps>
File: ./figures/C10_FFTplot2d15.eps Graphic file (type eps)
 <./figures/C10_FFTplot2d15.eps> [91]
File: ./figures/C10_FFTplot2d16.eps Graphic file (type eps)

<./figures/C10_FFTplot2d16.eps>) (./FFT/FFTFunction.tex
File: ./figures/C10_FFTplot2d17.eps Graphic file (type eps)

<./figures/C10_FFTplot2d17.eps>)
Package atveryend Info: Empty hook `BeforeClearDocument' on input line 216.
 [92]
Package atveryend Info: Empty hook `AfterLastShipout' on input line 216.
 (./NumMaple.aux)
Package atveryend Info: Empty hook `AtVeryEndDocument' on input line 216.
Package atveryend Info: Empty hook `AtEndAfterFileList' on input line 216.


LaTeX Warning: There were multiply-defined labels.

Package atveryend Info: Empty hook `AtVeryVeryEnd' on input line 216.
 ) 
Here is how much of TeX's memory you used:
 6487 strings out of 493777
 95064 string characters out of 6151334
 192398 words of memory out of 5000000
 9628 multiletter control sequences out of 15000+600000
 34666 words of font info for 148 fonts, out of 8000000 for 9000
 934 hyphenation exceptions out of 8191
 29i,16n,31p,633b,568s stack positions out of 5000i,500n,10000p,200000b,80000s

Output written on NumMaple.dvi (92 pages, 312472 bytes).
